[debug] [2022-12-30T21:29:37.112Z] ----------------------------------------------------------------------
[debug] [2022-12-30T21:29:37.114Z] Command:       C:\Program Files\nodejs\node.exe C:\Users\esaavedra\Proyectos\prisma\prisma-web\node_modules\firebase-tools\lib\bin\firebase.js deploy
[debug] [2022-12-30T21:29:37.114Z] CLI Version:   11.19.0
[debug] [2022-12-30T21:29:37.114Z] Platform:      win32
[debug] [2022-12-30T21:29:37.115Z] Node Version:  v16.14.0
[debug] [2022-12-30T21:29:37.116Z] Time:          Fri Dec 30 2022 16:29:37 GMT-0500 (Eastern Standard Time)
[debug] [2022-12-30T21:29:37.117Z] ----------------------------------------------------------------------
[debug] 
[debug] [2022-12-30T21:29:37.121Z] >>> [apiv2][query] GET https://firebase-public.firebaseio.com/cli.json [none]
[debug] [2022-12-30T21:29:37.211Z] > command requires scopes: ["email","openid","https://www.googleapis.com/auth/cloudplatformprojects.readonly","https://www.googleapis.com/auth/firebase","https://www.googleapis.com/auth/cloud-platform"]
[debug] [2022-12-30T21:29:37.211Z] > authorizing via signed-in user (saavedra.edo@gmail.com)
[debug] [2022-12-30T21:29:37.212Z] [iam] checking project prisma-39c97 for permissions ["cloudfunctions.functions.create","cloudfunctions.functions.delete","cloudfunctions.functions.get","cloudfunctions.functions.list","cloudfunctions.functions.update","cloudfunctions.operations.get","datastore.indexes.create","datastore.indexes.delete","datastore.indexes.list","datastore.indexes.update","firebase.projects.get","firebasehosting.sites.update"]
[debug] [2022-12-30T21:29:37.213Z] > refreshing access token with scopes: []
[debug] [2022-12-30T21:29:37.214Z] >>> [apiv2][query] POST https://www.googleapis.com/oauth2/v3/token [none]
[debug] [2022-12-30T21:29:37.214Z] >>> [apiv2][body] POST https://www.googleapis.com/oauth2/v3/token [omitted]
[debug] [2022-12-30T21:29:37.418Z] <<< [apiv2][status] POST https://www.googleapis.com/oauth2/v3/token 200
[debug] [2022-12-30T21:29:37.419Z] <<< [apiv2][body] POST https://www.googleapis.com/oauth2/v3/token [omitted]
[debug] [2022-12-30T21:29:37.430Z] >>> [apiv2][query] POST https://cloudresourcemanager.googleapis.com/v1/projects/prisma-39c97:testIamPermissions [none]
[debug] [2022-12-30T21:29:37.431Z] >>> [apiv2][(partial)header] POST https://cloudresourcemanager.googleapis.com/v1/projects/prisma-39c97:testIamPermissions x-goog-quota-user=projects/prisma-39c97
[debug] [2022-12-30T21:29:37.431Z] >>> [apiv2][body] POST https://cloudresourcemanager.googleapis.com/v1/projects/prisma-39c97:testIamPermissions {"permissions":["cloudfunctions.functions.create","cloudfunctions.functions.delete","cloudfunctions.functions.get","cloudfunctions.functions.list","cloudfunctions.functions.update","cloudfunctions.operations.get","datastore.indexes.create","datastore.indexes.delete","datastore.indexes.list","datastore.indexes.update","firebase.projects.get","firebasehosting.sites.update"]}
[debug] [2022-12-30T21:29:37.570Z] <<< [apiv2][status] GET https://firebase-public.firebaseio.com/cli.json 200
[debug] [2022-12-30T21:29:37.570Z] <<< [apiv2][body] GET https://firebase-public.firebaseio.com/cli.json {"cloudBuildErrorAfter":1594252800000,"cloudBuildWarnAfter":1590019200000,"defaultNode10After":1594252800000,"minVersion":"3.0.5","node8DeploysDisabledAfter":1613390400000,"node8RuntimeDisabledAfter":1615809600000,"node8WarnAfter":1600128000000}
[debug] [2022-12-30T21:29:37.619Z] <<< [apiv2][status] POST https://cloudresourcemanager.googleapis.com/v1/projects/prisma-39c97:testIamPermissions 200
[debug] [2022-12-30T21:29:37.620Z] <<< [apiv2][body] POST https://cloudresourcemanager.googleapis.com/v1/projects/prisma-39c97:testIamPermissions {"permissions":["cloudfunctions.functions.create","cloudfunctions.functions.delete","cloudfunctions.functions.get","cloudfunctions.functions.list","cloudfunctions.functions.update","cloudfunctions.operations.get","datastore.indexes.create","datastore.indexes.delete","datastore.indexes.list","datastore.indexes.update","firebase.projects.get","firebasehosting.sites.update"]}
[debug] [2022-12-30T21:29:37.620Z] >>> [apiv2][query] POST https://iam.googleapis.com/v1/projects/prisma-39c97/serviceAccounts/prisma-39c97@appspot.gserviceaccount.com:testIamPermissions [none]
[debug] [2022-12-30T21:29:37.620Z] >>> [apiv2][body] POST https://iam.googleapis.com/v1/projects/prisma-39c97/serviceAccounts/prisma-39c97@appspot.gserviceaccount.com:testIamPermissions {"permissions":["iam.serviceAccounts.actAs"]}
[debug] [2022-12-30T21:29:37.819Z] <<< [apiv2][status] POST https://iam.googleapis.com/v1/projects/prisma-39c97/serviceAccounts/prisma-39c97@appspot.gserviceaccount.com:testIamPermissions 200
[debug] [2022-12-30T21:29:37.819Z] <<< [apiv2][body] POST https://iam.googleapis.com/v1/projects/prisma-39c97/serviceAccounts/prisma-39c97@appspot.gserviceaccount.com:testIamPermissions {"permissions":["iam.serviceAccounts.actAs"]}
[debug] [2022-12-30T21:29:37.820Z] >>> [apiv2][query] GET https://firebase.googleapis.com/v1beta1/projects/prisma-39c97 [none]
[debug] [2022-12-30T21:29:38.171Z] <<< [apiv2][status] GET https://firebase.googleapis.com/v1beta1/projects/prisma-39c97 200
[debug] [2022-12-30T21:29:38.171Z] <<< [apiv2][body] GET https://firebase.googleapis.com/v1beta1/projects/prisma-39c97 {"projectId":"prisma-39c97","projectNumber":"982048677611","displayName":"prisma","name":"projects/prisma-39c97","resources":{"hostingSite":"prisma-39c97","storageBucket":"prisma-39c97.appspot.com","locationId":"us-central"},"state":"ACTIVE","etag":"1_a1c621cc-8605-4771-8816-eb159ee6ddf6"}
[info] 
[info] === Deploying to 'prisma-39c97'...
[info] 
[info] i  deploying firestore, functions, hosting 
[info] Running command: npm --prefix "$RESOURCE_DIR" run lint
[info] Running command: npm --prefix "$RESOURCE_DIR" run build
[info] +  functions: Finished running predeploy script. 
[info] i  firestore: reading indexes from firestore.indexes.json... 
[info] i  cloud.firestore: checking firestore.rules for compilation errors... 
[debug] [2022-12-30T21:29:51.738Z] >>> [apiv2][query] POST https://firebaserules.googleapis.com/v1/projects/prisma-39c97:test [none]
[debug] [2022-12-30T21:29:51.738Z] >>> [apiv2][body] POST https://firebaserules.googleapis.com/v1/projects/prisma-39c97:test [omitted]
[debug] [2022-12-30T21:29:52.080Z] <<< [apiv2][status] POST https://firebaserules.googleapis.com/v1/projects/prisma-39c97:test 200
[debug] [2022-12-30T21:29:52.081Z] <<< [apiv2][body] POST https://firebaserules.googleapis.com/v1/projects/prisma-39c97:test {}
[info] +  cloud.firestore: rules file firestore.rules compiled successfully 
[debug] [2022-12-30T21:29:52.082Z] >>> [apiv2][query] GET https://firebase.googleapis.com/v1beta1/projects/prisma-39c97 [none]
[debug] [2022-12-30T21:29:52.322Z] <<< [apiv2][status] GET https://firebase.googleapis.com/v1beta1/projects/prisma-39c97 200
[debug] [2022-12-30T21:29:52.322Z] <<< [apiv2][body] GET https://firebase.googleapis.com/v1beta1/projects/prisma-39c97 {"projectId":"prisma-39c97","projectNumber":"982048677611","displayName":"prisma","name":"projects/prisma-39c97","resources":{"hostingSite":"prisma-39c97","storageBucket":"prisma-39c97.appspot.com","locationId":"us-central"},"state":"ACTIVE","etag":"1_a1c621cc-8605-4771-8816-eb159ee6ddf6"}
[info] i  functions: preparing codebase default for deployment 
[info] i  functions: ensuring required API cloudfunctions.googleapis.com is enabled... 
[info] i  functions: ensuring required API cloudbuild.googleapis.com is enabled... 
[info] i  artifactregistry: ensuring required API artifactregistry.googleapis.com is enabled... 
[debug] [2022-12-30T21:29:52.324Z] >>> [apiv2][query] GET https://serviceusage.googleapis.com/v1/projects/prisma-39c97/services/cloudfunctions.googleapis.com [none]
[debug] [2022-12-30T21:29:52.324Z] >>> [apiv2][(partial)header] GET https://serviceusage.googleapis.com/v1/projects/prisma-39c97/services/cloudfunctions.googleapis.com x-goog-quota-user=projects/prisma-39c97
[debug] [2022-12-30T21:29:52.325Z] >>> [apiv2][query] GET https://serviceusage.googleapis.com/v1/projects/prisma-39c97/services/runtimeconfig.googleapis.com [none]
[debug] [2022-12-30T21:29:52.325Z] >>> [apiv2][(partial)header] GET https://serviceusage.googleapis.com/v1/projects/prisma-39c97/services/runtimeconfig.googleapis.com x-goog-quota-user=projects/prisma-39c97
[debug] [2022-12-30T21:29:52.326Z] >>> [apiv2][query] GET https://serviceusage.googleapis.com/v1/projects/prisma-39c97/services/cloudbuild.googleapis.com [none]
[debug] [2022-12-30T21:29:52.326Z] >>> [apiv2][(partial)header] GET https://serviceusage.googleapis.com/v1/projects/prisma-39c97/services/cloudbuild.googleapis.com x-goog-quota-user=projects/prisma-39c97
[debug] [2022-12-30T21:29:52.327Z] >>> [apiv2][query] GET https://serviceusage.googleapis.com/v1/projects/prisma-39c97/services/artifactregistry.googleapis.com [none]
[debug] [2022-12-30T21:29:52.327Z] >>> [apiv2][(partial)header] GET https://serviceusage.googleapis.com/v1/projects/prisma-39c97/services/artifactregistry.googleapis.com x-goog-quota-user=projects/prisma-39c97
[debug] [2022-12-30T21:29:52.694Z] <<< [apiv2][status] GET https://serviceusage.googleapis.com/v1/projects/prisma-39c97/services/runtimeconfig.googleapis.com 200
[debug] [2022-12-30T21:29:52.694Z] <<< [apiv2][body] GET https://serviceusage.googleapis.com/v1/projects/prisma-39c97/services/runtimeconfig.googleapis.com [omitted]
[debug] [2022-12-30T21:29:52.758Z] <<< [apiv2][status] GET https://serviceusage.googleapis.com/v1/projects/prisma-39c97/services/cloudbuild.googleapis.com 200
[debug] [2022-12-30T21:29:52.758Z] <<< [apiv2][body] GET https://serviceusage.googleapis.com/v1/projects/prisma-39c97/services/cloudbuild.googleapis.com [omitted]
[info] +  functions: required API cloudbuild.googleapis.com is enabled 
[debug] [2022-12-30T21:29:52.759Z] <<< [apiv2][status] GET https://serviceusage.googleapis.com/v1/projects/prisma-39c97/services/artifactregistry.googleapis.com 200
[debug] [2022-12-30T21:29:52.759Z] <<< [apiv2][body] GET https://serviceusage.googleapis.com/v1/projects/prisma-39c97/services/artifactregistry.googleapis.com [omitted]
[info] +  artifactregistry: required API artifactregistry.googleapis.com is enabled 
[debug] [2022-12-30T21:29:52.795Z] <<< [apiv2][status] GET https://serviceusage.googleapis.com/v1/projects/prisma-39c97/services/cloudfunctions.googleapis.com 200
[debug] [2022-12-30T21:29:52.795Z] <<< [apiv2][body] GET https://serviceusage.googleapis.com/v1/projects/prisma-39c97/services/cloudfunctions.googleapis.com [omitted]
[info] +  functions: required API cloudfunctions.googleapis.com is enabled 
[debug] [2022-12-30T21:29:52.795Z] >>> [apiv2][query] GET https://firebase.googleapis.com/v1beta1/projects/prisma-39c97/adminSdkConfig [none]
[debug] [2022-12-30T21:29:53.076Z] <<< [apiv2][status] GET https://firebase.googleapis.com/v1beta1/projects/prisma-39c97/adminSdkConfig 200
[debug] [2022-12-30T21:29:53.076Z] <<< [apiv2][body] GET https://firebase.googleapis.com/v1beta1/projects/prisma-39c97/adminSdkConfig {"projectId":"prisma-39c97","storageBucket":"prisma-39c97.appspot.com","locationId":"us-central"}
[debug] [2022-12-30T21:29:53.077Z] >>> [apiv2][query] GET https://runtimeconfig.googleapis.com/v1beta1/projects/prisma-39c97/configs [none]
[debug] [2022-12-30T21:29:53.456Z] <<< [apiv2][status] GET https://runtimeconfig.googleapis.com/v1beta1/projects/prisma-39c97/configs 200
[debug] [2022-12-30T21:29:53.456Z] <<< [apiv2][body] GET https://runtimeconfig.googleapis.com/v1beta1/projects/prisma-39c97/configs {}
